TN:
SF:tmp/node_modules/iobroker.nut/nut.js
FN:25,startAdapter
FN:33,(anonymous_1)
FN:37,(anonymous_2)
FN:41,(anonymous_3)
FN:48,(anonymous_4)
FN:56,(anonymous_5)
FN:63,(anonymous_6)
FN:70,(anonymous_7)
FN:84,(anonymous_8)
FN:96,(anonymous_9)
FN:110,setConnected
FN:113,(anonymous_11)
FN:125,main
FN:127,(anonymous_13)
FN:180,(anonymous_14)
FN:188,initializeNutDevice
FN:191,(anonymous_16)
FN:199,(anonymous_17)
FN:215,initNutCommands
FN:265,processMessage
FN:291,initNutConnection
FN:301,(anonymous_21)
FN:305,(anonymous_22)
FN:314,(anonymous_23)
FN:318,(anonymous_24)
FN:327,updateNutData
FN:330,(anonymous_26)
FN:338,getCurrentNutValues
FN:339,(anonymous_28)
FN:351,storeNutData
FN:424,parseAndSetSeverity
FNF:31
FNH:19
FNDA:1,startAdapter
FNDA:1,(anonymous_1)
FNDA:1,(anonymous_2)
FNDA:0,(anonymous_3)
FNDA:0,(anonymous_4)
FNDA:0,(anonymous_5)
FNDA:0,(anonymous_6)
FNDA:0,(anonymous_7)
FNDA:0,(anonymous_8)
FNDA:1,(anonymous_9)
FNDA:4,setConnected
FNDA:1,(anonymous_11)
FNDA:1,main
FNDA:1,(anonymous_13)
FNDA:1,(anonymous_14)
FNDA:1,initializeNutDevice
FNDA:1,(anonymous_16)
FNDA:0,(anonymous_17)
FNDA:0,initNutCommands
FNDA:1,processMessage
FNDA:2,initNutConnection
FNDA:2,(anonymous_21)
FNDA:2,(anonymous_22)
FNDA:2,(anonymous_23)
FNDA:0,(anonymous_24)
FNDA:1,updateNutData
FNDA:1,(anonymous_26)
FNDA:0,getCurrentNutValues
FNDA:0,(anonymous_28)
FNDA:0,storeNutData
FNDA:4,parseAndSetSeverity
DA:14,1
DA:17,1
DA:22,1
DA:23,1
DA:26,1
DA:27,1
DA:30,1
DA:33,1
DA:34,1
DA:37,1
DA:38,1
DA:41,1
DA:42,0
DA:43,0
DA:44,0
DA:45,0
DA:47,0
DA:48,0
DA:49,0
DA:50,0
DA:51,0
DA:53,0
DA:54,0
DA:55,0
DA:56,0
DA:57,0
DA:58,0
DA:59,0
DA:62,0
DA:63,0
DA:64,0
DA:65,0
DA:66,0
DA:69,0
DA:70,0
DA:71,0
DA:72,0
DA:73,0
DA:75,0
DA:83,0
DA:84,0
DA:85,0
DA:86,0
DA:88,0
DA:92,0
DA:96,1
DA:97,1
DA:98,1
DA:99,1
DA:100,1
DA:101,1
DA:103,1
DA:107,1
DA:111,4
DA:112,1
DA:113,1
DA:115,1
DA:116,0
DA:118,1
DA:119,1
DA:126,1
DA:127,1
DA:128,1
DA:129,0
DA:130,0
DA:131,0
DA:135,1
DA:136,1
DA:137,1
DA:143,0
DA:145,1
DA:146,1
DA:160,0
DA:162,1
DA:163,1
DA:164,1
DA:178,0
DA:180,1
DA:181,1
DA:182,1
DA:184,1
DA:189,1
DA:191,1
DA:192,1
DA:193,1
DA:195,1
DA:197,1
DA:199,0
DA:200,0
DA:201,0
DA:204,0
DA:205,0
DA:208,0
DA:210,0
DA:216,0
DA:217,0
DA:218,0
DA:224,0
DA:227,0
DA:228,0
DA:229,0
DA:230,0
DA:231,0
DA:232,0
DA:233,0
DA:246,0
DA:248,0
DA:250,0
DA:266,1
DA:268,1
DA:270,1
DA:271,1
DA:272,1
DA:273,1
DA:274,1
DA:275,1
DA:276,1
DA:277,1
DA:278,1
DA:279,1
DA:283,0
DA:285,1
DA:286,1
DA:287,1
DA:292,2
DA:293,2
DA:294,0
DA:295,0
DA:296,0
DA:299,2
DA:301,2
DA:302,2
DA:303,2
DA:304,2
DA:305,2
DA:306,2
DA:307,2
DA:309,2
DA:310,2
DA:314,2
DA:315,2
DA:318,2
DA:319,0
DA:320,0
DA:321,0
DA:324,2
DA:328,1
DA:330,1
DA:331,1
DA:334,1
DA:335,1
DA:339,0
DA:340,0
DA:341,0
DA:344,0
DA:345,0
DA:347,0
DA:352,0
DA:353,0
DA:354,0
DA:355,0
DA:357,0
DA:358,0
DA:360,0
DA:361,0
DA:362,0
DA:365,0
DA:366,0
DA:367,0
DA:369,0
DA:370,0
DA:371,0
DA:372,0
DA:380,0
DA:383,0
DA:384,0
DA:385,0
DA:386,0
DA:388,0
DA:389,0
DA:395,0
DA:399,0
DA:400,0
DA:406,0
DA:409,0
DA:410,0
DA:411,0
DA:414,0
DA:415,0
DA:418,0
DA:421,0
DA:425,4
DA:441,4
DA:447,4
DA:448,0
DA:450,4
DA:451,4
DA:452,4
DA:453,56
DA:454,56
DA:455,56
DA:456,56
DA:457,56
DA:458,56
DA:464,0
DA:466,56
DA:467,56
DA:468,56
DA:469,1
DA:470,1
DA:474,4
DA:475,4
DA:476,4
DA:477,3
DA:478,3
DA:480,4
DA:481,4
DA:485,1
DA:486,0
DA:489,1
LF:220
LH:109
BRDA:26,0,0,1
BRDA:26,0,1,1
BRDA:45,1,0,0
BRDA:45,1,1,0
BRDA:45,2,0,0
BRDA:45,2,1,0
BRDA:45,2,2,0
BRDA:49,3,0,0
BRDA:49,3,1,0
BRDA:53,4,0,0
BRDA:53,4,1,0
BRDA:54,5,0,0
BRDA:54,5,1,0
BRDA:54,6,0,0
BRDA:54,6,1,0
BRDA:57,7,0,0
BRDA:57,7,1,0
BRDA:64,8,0,0
BRDA:64,8,1,0
BRDA:71,9,0,0
BRDA:71,9,1,0
BRDA:85,10,0,0
BRDA:85,10,1,0
BRDA:98,11,0,1
BRDA:98,11,1,0
BRDA:103,12,0,1
BRDA:103,12,1,0
BRDA:111,13,0,1
BRDA:111,13,1,3
BRDA:113,14,0,1
BRDA:113,14,1,1
BRDA:115,15,0,0
BRDA:115,15,1,1
BRDA:115,16,0,1
BRDA:115,16,1,0
BRDA:115,16,2,0
BRDA:118,17,0,1
BRDA:118,17,1,0
BRDA:118,18,0,1
BRDA:118,18,1,1
BRDA:128,19,0,0
BRDA:128,19,1,1
BRDA:128,20,0,1
BRDA:128,20,1,1
BRDA:128,20,2,1
BRDA:130,21,0,0
BRDA:130,21,1,0
BRDA:181,22,0,1
BRDA:181,22,1,0
BRDA:181,23,0,1
BRDA:181,23,1,1
BRDA:189,24,0,1
BRDA:189,24,1,0
BRDA:192,25,0,1
BRDA:192,25,1,0
BRDA:200,26,0,0
BRDA:200,26,1,0
BRDA:227,27,0,0
BRDA:227,27,1,0
BRDA:266,28,0,0
BRDA:266,28,1,1
BRDA:271,29,0,1
BRDA:271,29,1,0
BRDA:271,30,0,1
BRDA:271,30,1,1
BRDA:275,31,0,1
BRDA:275,31,1,0
BRDA:278,32,0,1
BRDA:278,32,1,0
BRDA:278,33,0,1
BRDA:278,33,1,0
BRDA:285,34,0,1
BRDA:285,34,1,0
BRDA:286,35,0,1
BRDA:286,35,1,0
BRDA:293,36,0,0
BRDA:293,36,1,2
BRDA:293,37,0,2
BRDA:293,37,1,2
BRDA:293,37,2,2
BRDA:295,38,0,0
BRDA:295,38,1,0
BRDA:302,39,0,0
BRDA:302,39,1,2
BRDA:306,40,0,2
BRDA:306,40,1,0
BRDA:306,41,0,2
BRDA:306,41,1,2
BRDA:306,41,2,2
BRDA:306,41,3,2
BRDA:306,41,4,2
BRDA:306,41,5,2
BRDA:309,42,0,2
BRDA:309,42,1,0
BRDA:331,43,0,1
BRDA:331,43,1,0
BRDA:334,44,0,1
BRDA:334,44,1,0
BRDA:340,45,0,0
BRDA:340,45,1,0
BRDA:347,46,0,0
BRDA:347,46,1,0
BRDA:358,47,0,0
BRDA:358,47,1,0
BRDA:361,48,0,0
BRDA:361,48,1,0
BRDA:369,49,0,0
BRDA:369,49,1,0
BRDA:369,50,0,0
BRDA:369,50,1,0
BRDA:369,50,2,0
BRDA:385,51,0,0
BRDA:385,51,1,0
BRDA:414,52,0,0
BRDA:414,52,1,0
BRDA:447,53,0,0
BRDA:447,53,1,4
BRDA:453,54,0,56
BRDA:453,54,1,0
BRDA:458,55,0,56
BRDA:458,55,1,14
BRDA:468,56,0,1
BRDA:468,56,1,55
BRDA:475,57,0,0
BRDA:475,57,1,4
BRDA:476,58,0,1
BRDA:476,58,1,3
BRDA:477,59,0,0
BRDA:477,59,1,3
BRDA:478,60,0,0
BRDA:478,60,1,3
BRDA:485,61,0,0
BRDA:485,61,1,1
BRDA:485,62,0,1
BRDA:485,62,1,1
BRF:135
BRH:60
end_of_record
